[debug] [2025-06-11T10:55:55.850Z] ----------------------------------------------------------------------
[debug] [2025-06-11T10:55:55.862Z] Command:       C:\Program Files\nodejs\node.exe C:\Users\acer\AppData\Roaming\npm\node_modules\firebase-tools\lib\bin\firebase.js init
[debug] [2025-06-11T10:55:55.863Z] CLI Version:   14.6.0
[debug] [2025-06-11T10:55:55.863Z] Platform:      win32
[debug] [2025-06-11T10:55:55.863Z] Node Version:  v22.16.0
[debug] [2025-06-11T10:55:55.864Z] Time:          Wed Jun 11 2025 18:55:55 GMT+0800 (Central Indonesia Time)
[debug] [2025-06-11T10:55:55.865Z] ----------------------------------------------------------------------
[debug] 
[debug] [2025-06-11T10:55:55.876Z] > command requires scopes: ["email","openid","https://www.googleapis.com/auth/cloudplatformprojects.readonly","https://www.googleapis.com/auth/firebase","https://www.googleapis.com/auth/cloud-platform"]
[debug] [2025-06-11T10:55:55.877Z] > authorizing via signed-in user (yana84594@gmail.com)
[info] 
     ######## #### ########  ######## ########     ###     ######  ########
     ##        ##  ##     ## ##       ##     ##  ##   ##  ##       ##
     ######    ##  ########  ######   ########  #########  ######  ######
     ##        ##  ##    ##  ##       ##     ## ##     ##       ## ##
     ##       #### ##     ## ######## ########  ##     ##  ######  ########

You're about to initialize a Firebase project in this directory:

  C:\Users\acer\Documents\GitHub\Skripsi-2025

[info] 
=== Project Setup
[info] 
[info] First, let's associate this project directory with a Firebase project.
[info] You can create multiple project aliases by running firebase use --add, 
[info] but for now we'll just set up a default project.
[info] 
[debug] [2025-06-11T10:56:17.339Z] Checked if tokens are valid: true, expires at: 1749641753131
[debug] [2025-06-11T10:56:17.340Z] Checked if tokens are valid: true, expires at: 1749641753131
[debug] [2025-06-11T10:56:17.342Z] >>> [apiv2][query] GET https://firebase.googleapis.com/v1beta1/projects pageSize=100
[debug] [2025-06-11T10:56:18.407Z] <<< [apiv2][status] GET https://firebase.googleapis.com/v1beta1/projects 200
[debug] [2025-06-11T10:56:18.407Z] <<< [apiv2][body] GET https://firebase.googleapis.com/v1beta1/projects [omitted]
[info] i  Using project kamusbahasabanjar1 (KamusBahasa) 
[info] 
=== Dataconnect Setup
[debug] [2025-06-11T10:56:21.016Z] Checked if tokens are valid: true, expires at: 1749641753131
[debug] [2025-06-11T10:56:21.016Z] Checked if tokens are valid: true, expires at: 1749641753131
[debug] [2025-06-11T10:56:21.016Z] >>> [apiv2][query] GET https://cloudbilling.googleapis.com/v1/projects/kamusbahasabanjar1/billingInfo [none]
[debug] [2025-06-11T10:56:21.512Z] <<< [apiv2][status] GET https://cloudbilling.googleapis.com/v1/projects/kamusbahasabanjar1/billingInfo 200
[debug] [2025-06-11T10:56:21.512Z] <<< [apiv2][body] GET https://cloudbilling.googleapis.com/v1/projects/kamusbahasabanjar1/billingInfo {"name":"projects/kamusbahasabanjar1/billingInfo","projectId":"kamusbahasabanjar1","billingAccountName":"","billingEnabled":false}
[info] i  dataconnect: ensuring required API sqladmin.googleapis.com is enabled... 
[debug] [2025-06-11T10:56:21.514Z] Checked if tokens are valid: true, expires at: 1749641753131
[debug] [2025-06-11T10:56:21.514Z] Checked if tokens are valid: true, expires at: 1749641753131
[debug] [2025-06-11T10:56:21.514Z] >>> [apiv2][query] GET https://serviceusage.googleapis.com/v1/projects/kamusbahasabanjar1/services/sqladmin.googleapis.com [none]
[debug] [2025-06-11T10:56:21.514Z] >>> [apiv2][(partial)header] GET https://serviceusage.googleapis.com/v1/projects/kamusbahasabanjar1/services/sqladmin.googleapis.com x-goog-quota-user=projects/kamusbahasabanjar1
[debug] [2025-06-11T10:56:23.092Z] <<< [apiv2][status] GET https://serviceusage.googleapis.com/v1/projects/kamusbahasabanjar1/services/sqladmin.googleapis.com 200
[debug] [2025-06-11T10:56:23.092Z] <<< [apiv2][body] GET https://serviceusage.googleapis.com/v1/projects/kamusbahasabanjar1/services/sqladmin.googleapis.com [omitted]
[info] +  dataconnect: required API sqladmin.googleapis.com is enabled 
[debug] [2025-06-11T10:56:23.094Z] Checked if tokens are valid: true, expires at: 1749641753131
[debug] [2025-06-11T10:56:23.094Z] Checked if tokens are valid: true, expires at: 1749641753131
[debug] [2025-06-11T10:56:23.094Z] >>> [apiv2][query] GET https://firebasedataconnect.googleapis.com/v1/projects/kamusbahasabanjar1/locations/-/services [none]
[debug] [2025-06-11T10:56:25.187Z] <<< [apiv2][status] GET https://firebasedataconnect.googleapis.com/v1/projects/kamusbahasabanjar1/locations/-/services 200
[debug] [2025-06-11T10:56:25.187Z] <<< [apiv2][body] GET https://firebasedataconnect.googleapis.com/v1/projects/kamusbahasabanjar1/locations/-/services {}
[info] +  Wrote dataconnect\dataconnect.yaml 
[info] +  Wrote dataconnect\schema\schema.gql 
[info] +  Wrote dataconnect\connector\connector.yaml 
[info] +  Wrote dataconnect\connector\queries.gql 
[info] +  Wrote dataconnect\connector\mutations.gql 
[info] i  If you'd like to add the generated SDK to your app later, run firebase init dataconnect:sdk 
[info] i  If you'd like to provision a CloudSQL Postgres instance on the Firebase Data Connect no-cost trial:
1. Please upgrade to the pay-as-you-go (Blaze) billing plan. Visit the following page:
     https://console.firebase.google.com/project/kamusbahasabanjar1/usage/details
2. Run firebase init dataconnect again to configure the Cloud SQL instance.
3. Run firebase deploy --only dataconnect to deploy your Data Connect service. 
[info] 
=== Firestore Setup
[info] i  firestore: ensuring required API firestore.googleapis.com is enabled... 
[debug] [2025-06-11T10:56:25.247Z] Checked if tokens are valid: true, expires at: 1749641753131
[debug] [2025-06-11T10:56:25.247Z] Checked if tokens are valid: true, expires at: 1749641753131
[debug] [2025-06-11T10:56:25.248Z] >>> [apiv2][query] GET https://serviceusage.googleapis.com/v1/projects/kamusbahasabanjar1/services/firestore.googleapis.com [none]
[debug] [2025-06-11T10:56:25.248Z] >>> [apiv2][(partial)header] GET https://serviceusage.googleapis.com/v1/projects/kamusbahasabanjar1/services/firestore.googleapis.com x-goog-quota-user=projects/kamusbahasabanjar1
[debug] [2025-06-11T10:56:26.702Z] <<< [apiv2][status] GET https://serviceusage.googleapis.com/v1/projects/kamusbahasabanjar1/services/firestore.googleapis.com 200
[debug] [2025-06-11T10:56:26.702Z] <<< [apiv2][body] GET https://serviceusage.googleapis.com/v1/projects/kamusbahasabanjar1/services/firestore.googleapis.com [omitted]
[info] +  firestore: required API firestore.googleapis.com is enabled 
[debug] [2025-06-11T10:56:26.703Z] Checked if tokens are valid: true, expires at: 1749641753131
[debug] [2025-06-11T10:56:26.704Z] Checked if tokens are valid: true, expires at: 1749641753131
[debug] [2025-06-11T10:56:26.704Z] >>> [apiv2][query] GET https://firestore.googleapis.com/v1/projects/kamusbahasabanjar1/databases [none]
[debug] [2025-06-11T10:56:27.719Z] <<< [apiv2][status] GET https://firestore.googleapis.com/v1/projects/kamusbahasabanjar1/databases 200
[debug] [2025-06-11T10:56:27.719Z] <<< [apiv2][body] GET https://firestore.googleapis.com/v1/projects/kamusbahasabanjar1/databases {"databases":[{"name":"projects/kamusbahasabanjar1/databases/(default)","uid":"e35f4275-a95e-4315-b23c-11af3e389234","createTime":"2025-06-06T20:21:46.436587Z","updateTime":"2025-06-06T20:21:46.436587Z","locationId":"nam5","type":"FIRESTORE_NATIVE","concurrencyMode":"PESSIMISTIC","versionRetentionPeriod":"3600s","earliestVersionTime":"2025-06-11T09:56:27.929069Z","appEngineIntegrationMode":"DISABLED","keyPrefix":"s","pointInTimeRecoveryEnablement":"POINT_IN_TIME_RECOVERY_DISABLED","deleteProtectionState":"DELETE_PROTECTION_DISABLED","databaseEdition":"STANDARD","freeTier":true,"etag":"IMSmvtGa6Y0DMLau8YnQ3Y0D"}]}
[info] 
[info] Firestore Security Rules allow you to define how and when to allow
[info] requests. You can keep these rules in your project directory
[info] and publish them with firebase deploy.
[info] 
[debug] [2025-06-11T10:56:45.474Z] Checked if tokens are valid: true, expires at: 1749641753131
[debug] [2025-06-11T10:56:45.475Z] Checked if tokens are valid: true, expires at: 1749641753131
[debug] [2025-06-11T10:56:45.477Z] >>> [apiv2][query] GET https://firebaserules.googleapis.com/v1/projects/kamusbahasabanjar1/releases pageSize=10&pageToken=
[debug] [2025-06-11T10:56:46.116Z] <<< [apiv2][status] GET https://firebaserules.googleapis.com/v1/projects/kamusbahasabanjar1/releases 200
[debug] [2025-06-11T10:56:46.116Z] <<< [apiv2][body] GET https://firebaserules.googleapis.com/v1/projects/kamusbahasabanjar1/releases {"releases":[{"name":"projects/kamusbahasabanjar1/releases/cloud.firestore","rulesetName":"projects/kamusbahasabanjar1/rulesets/c8351f2c-af10-4708-a881-a617ccb704e5","createTime":"2025-06-06T20:21:52.509489Z","updateTime":"2025-06-11T05:28:19.628797Z"}]}
[debug] [2025-06-11T10:56:46.117Z] Checked if tokens are valid: true, expires at: 1749641753131
[debug] [2025-06-11T10:56:46.117Z] Checked if tokens are valid: true, expires at: 1749641753131
[debug] [2025-06-11T10:56:46.117Z] >>> [apiv2][query] GET https://firebaserules.googleapis.com/v1/projects/kamusbahasabanjar1/rulesets/c8351f2c-af10-4708-a881-a617ccb704e5 [none]
[debug] [2025-06-11T10:56:47.441Z] <<< [apiv2][status] GET https://firebaserules.googleapis.com/v1/projects/kamusbahasabanjar1/rulesets/c8351f2c-af10-4708-a881-a617ccb704e5 200
[debug] [2025-06-11T10:56:47.441Z] <<< [apiv2][body] GET https://firebaserules.googleapis.com/v1/projects/kamusbahasabanjar1/rulesets/c8351f2c-af10-4708-a881-a617ccb704e5 [omitted]
[info] i  Downloaded the existing Firestore Security Rules from the Firebase console 
[info] 
[info] Firestore indexes allow you to perform complex queries while
[info] maintaining performance that scales with the size of the result
[info] set. You can keep index definitions in your project directory
[info] and publish them with firebase deploy.
[info] 
[debug] [2025-06-11T10:57:09.056Z] Checked if tokens are valid: true, expires at: 1749641753131
[debug] [2025-06-11T10:57:09.057Z] Checked if tokens are valid: true, expires at: 1749641753131
[debug] [2025-06-11T10:57:09.058Z] Checked if tokens are valid: true, expires at: 1749641753131
[debug] [2025-06-11T10:57:09.058Z] Checked if tokens are valid: true, expires at: 1749641753131
[debug] [2025-06-11T10:57:09.058Z] >>> [apiv2][query] GET https://firestore.googleapis.com/v1/projects/kamusbahasabanjar1/databases/(default)/collectionGroups/-/indexes [none]
[debug] [2025-06-11T10:57:09.108Z] >>> [apiv2][query] GET https://firestore.googleapis.com/v1/projects/kamusbahasabanjar1/databases/(default)/collectionGroups/-/fields?filter=indexConfig.usesAncestorConfig=false OR ttlConfig:* [none]
[debug] [2025-06-11T10:57:09.703Z] <<< [apiv2][status] GET https://firestore.googleapis.com/v1/projects/kamusbahasabanjar1/databases/(default)/collectionGroups/-/fields?filter=indexConfig.usesAncestorConfig=false OR ttlConfig:* 200
[debug] [2025-06-11T10:57:09.715Z] <<< [apiv2][body] GET https://firestore.googleapis.com/v1/projects/kamusbahasabanjar1/databases/(default)/collectionGroups/-/fields?filter=indexConfig.usesAncestorConfig=false OR ttlConfig:* {"fields":[{"name":"projects/kamusbahasabanjar1/databases/(default)/collectionGroups/__default__/fields/*","indexConfig":{"indexes":[{"queryScope":"COLLECTION","fields":[{"fieldPath":"*","order":"ASCENDING"}],"state":"READY"},{"queryScope":"COLLECTION","fields":[{"fieldPath":"*","order":"DESCENDING"}],"state":"READY"},{"queryScope":"COLLECTION","fields":[{"fieldPath":"*","arrayConfig":"CONTAINS"}],"state":"READY"}]}}]}
[debug] [2025-06-11T10:57:10.619Z] <<< [apiv2][status] GET https://firestore.googleapis.com/v1/projects/kamusbahasabanjar1/databases/(default)/collectionGroups/-/indexes 200
[debug] [2025-06-11T10:57:10.619Z] <<< [apiv2][body] GET https://firestore.googleapis.com/v1/projects/kamusbahasabanjar1/databases/(default)/collectionGroups/-/indexes {}
[info] i  Downloaded the existing Firestore indexes from the Firebase console 
[info] +  Wrote firestore.rules 
[info] +  Wrote firestore.indexes.json 
[info] 
=== Genkit Setup
[debug] [2025-06-11T10:57:33.628Z] > command requires scopes: ["email","openid","https://www.googleapis.com/auth/cloudplatformprojects.readonly","https://www.googleapis.com/auth/firebase","https://www.googleapis.com/auth/cloud-platform"]
[debug] [2025-06-11T10:57:33.633Z] > authorizing via signed-in user (yana84594@gmail.com)
[debug] [2025-06-11T10:57:33.634Z] [iam] checking project kamusbahasabanjar1 for permissions ["firebase.projects.get"]
[debug] [2025-06-11T10:57:33.640Z] Checked if tokens are valid: true, expires at: 1749641753131
[debug] [2025-06-11T10:57:33.640Z] Checked if tokens are valid: true, expires at: 1749641753131
[debug] [2025-06-11T10:57:33.640Z] >>> [apiv2][query] POST https://cloudresourcemanager.googleapis.com/v1/projects/kamusbahasabanjar1:testIamPermissions [none]
[debug] [2025-06-11T10:57:33.640Z] >>> [apiv2][(partial)header] POST https://cloudresourcemanager.googleapis.com/v1/projects/kamusbahasabanjar1:testIamPermissions x-goog-quota-user=projects/kamusbahasabanjar1
[debug] [2025-06-11T10:57:33.640Z] >>> [apiv2][body] POST https://cloudresourcemanager.googleapis.com/v1/projects/kamusbahasabanjar1:testIamPermissions {"permissions":["firebase.projects.get"]}
[debug] [2025-06-11T10:57:34.861Z] <<< [apiv2][status] POST https://cloudresourcemanager.googleapis.com/v1/projects/kamusbahasabanjar1:testIamPermissions 200
[debug] [2025-06-11T10:57:34.861Z] <<< [apiv2][body] POST https://cloudresourcemanager.googleapis.com/v1/projects/kamusbahasabanjar1:testIamPermissions {"permissions":["firebase.projects.get"]}
[debug] [2025-06-11T10:57:34.863Z] Checked if tokens are valid: true, expires at: 1749641753131
[debug] [2025-06-11T10:57:34.863Z] Checked if tokens are valid: true, expires at: 1749641753131
[debug] [2025-06-11T10:57:34.863Z] Checked if tokens are valid: true, expires at: 1749641753131
[debug] [2025-06-11T10:57:34.863Z] Checked if tokens are valid: true, expires at: 1749641753131
[debug] [2025-06-11T10:57:34.864Z] >>> [apiv2][query] GET https://serviceusage.googleapis.com/v1/projects/kamusbahasabanjar1/services/cloudfunctions.googleapis.com [none]
[debug] [2025-06-11T10:57:34.864Z] >>> [apiv2][(partial)header] GET https://serviceusage.googleapis.com/v1/projects/kamusbahasabanjar1/services/cloudfunctions.googleapis.com x-goog-quota-user=projects/kamusbahasabanjar1
[debug] [2025-06-11T10:57:34.866Z] >>> [apiv2][query] GET https://serviceusage.googleapis.com/v1/projects/kamusbahasabanjar1/services/runtimeconfig.googleapis.com [none]
[debug] [2025-06-11T10:57:34.866Z] >>> [apiv2][(partial)header] GET https://serviceusage.googleapis.com/v1/projects/kamusbahasabanjar1/services/runtimeconfig.googleapis.com x-goog-quota-user=projects/kamusbahasabanjar1
[debug] [2025-06-11T10:57:36.411Z] <<< [apiv2][status] GET https://serviceusage.googleapis.com/v1/projects/kamusbahasabanjar1/services/cloudfunctions.googleapis.com 200
[debug] [2025-06-11T10:57:36.412Z] <<< [apiv2][body] GET https://serviceusage.googleapis.com/v1/projects/kamusbahasabanjar1/services/cloudfunctions.googleapis.com [omitted]
[debug] [2025-06-11T10:57:36.414Z] Checked if tokens are valid: true, expires at: 1749641753131
[debug] [2025-06-11T10:57:36.414Z] Checked if tokens are valid: true, expires at: 1749641753131
[debug] [2025-06-11T10:57:36.414Z] >>> [apiv2][query] POST https://serviceusage.googleapis.com/v1/projects/kamusbahasabanjar1/services/cloudfunctions.googleapis.com:enable [none]
[debug] [2025-06-11T10:57:36.414Z] >>> [apiv2][(partial)header] POST https://serviceusage.googleapis.com/v1/projects/kamusbahasabanjar1/services/cloudfunctions.googleapis.com:enable x-goog-quota-user=projects/kamusbahasabanjar1
[debug] [2025-06-11T10:57:36.416Z] <<< [apiv2][status] GET https://serviceusage.googleapis.com/v1/projects/kamusbahasabanjar1/services/runtimeconfig.googleapis.com 200
[debug] [2025-06-11T10:57:36.416Z] <<< [apiv2][body] GET https://serviceusage.googleapis.com/v1/projects/kamusbahasabanjar1/services/runtimeconfig.googleapis.com [omitted]
[debug] [2025-06-11T10:57:37.937Z] <<< [apiv2][status] POST https://serviceusage.googleapis.com/v1/projects/kamusbahasabanjar1/services/cloudfunctions.googleapis.com:enable 200
[debug] [2025-06-11T10:57:37.937Z] <<< [apiv2][body] POST https://serviceusage.googleapis.com/v1/projects/kamusbahasabanjar1/services/cloudfunctions.googleapis.com:enable [omitted]
[debug] [2025-06-11T10:57:47.953Z] Checked if tokens are valid: true, expires at: 1749641753131
[debug] [2025-06-11T10:57:47.953Z] Checked if tokens are valid: true, expires at: 1749641753131
[debug] [2025-06-11T10:57:47.953Z] >>> [apiv2][query] GET https://serviceusage.googleapis.com/v1/projects/kamusbahasabanjar1/services/cloudfunctions.googleapis.com [none]
[debug] [2025-06-11T10:57:47.953Z] >>> [apiv2][(partial)header] GET https://serviceusage.googleapis.com/v1/projects/kamusbahasabanjar1/services/cloudfunctions.googleapis.com x-goog-quota-user=projects/kamusbahasabanjar1
[debug] [2025-06-11T10:57:49.706Z] <<< [apiv2][status] GET https://serviceusage.googleapis.com/v1/projects/kamusbahasabanjar1/services/cloudfunctions.googleapis.com 200
[debug] [2025-06-11T10:57:49.707Z] <<< [apiv2][body] GET https://serviceusage.googleapis.com/v1/projects/kamusbahasabanjar1/services/cloudfunctions.googleapis.com [omitted]
[info] Let's create a new codebase for your functions.
[info] A directory corresponding to the codebase will be created in your project
[info] with sample code pre-configured.

[info] See https://firebase.google.com/docs/functions/organize-functions for
[info] more information on organizing your functions using codebases.

[info] Functions can be deployed with firebase deploy.

[info] +  Wrote functions/package.json 
[info] +  Wrote functions/.eslintrc.js 
[info] +  Wrote functions/tsconfig.dev.json 
[info] +  Wrote functions/tsconfig.json 
[info] +  Wrote functions/src/index.ts 
[info] +  Wrote functions/.gitignore 
[info] 
[info] i  genkit: Installing Genkit CLI version 1.12.0
 
